<?xml version="1.0" encoding="UTF-8"?>
<Site BuildName="(empty)"
	BuildStamp="20250219-0056-Experimental"
	Name="(empty)"
	Generator="ctest-3.28.3"
	CompilerName=""
	CompilerVersion=""
	OSName="Windows"
	Hostname="JaviStation"
	OSRelease=" Personal"
	OSVersion=" (Build 22631)"
	OSPlatform="AMD64"
	Is64Bits="1"
	VendorString="GenuineIntel"
	VendorID="Intel Corporation"
	FamilyID="6"
	ModelID="7"
	ProcessorCacheSize="-1"
	NumberOfLogicalCPU="16"
	NumberOfPhysicalCPU="10"
	TotalVirtualMemory="75017"
	TotalPhysicalMemory="65289"
	LogicalProcessorsPerPhysical="1"
	ProcessorClockFrequency="3686"
	>
	<Testing>
		<StartDateTime>Feb 18 20:46 Eastern Standard Time</StartDateTime>
		<StartTestTime>1739929566</StartTestTime>
		<TestList/>
		<EndDateTime>Feb 18 20:46 Eastern Standard Time</EndDateTime>
		<EndTestTime>1739929566</EndTestTime>
		<ElapsedMinutes>0</ElapsedMinutes>
	</Testing>
</Site>
